  Entity.cpp
  Enviroment.cpp
  main.cpp
  Scene.cpp
  Vehicle.cpp
  Generando código...
main.obj : error LNK2005: ya se definió "class b2Body * __cdecl operations::CreateRotatedBox(class b2World &,enum b2BodyType,float,float,float,float,float)" (?CreateRotatedBox@operations@@YAPEAVb2Body@@AEAVb2World@@W4b2BodyType@@MMMMM@Z) en Enviroment.obj
main.obj : error LNK2005: ya se definió "class b2RevoluteJoint * __cdecl operations::Create_rev_joint(class b2World &,class b2Body *,class b2Body *,float,float,bool)" (?Create_rev_joint@operations@@YAPEAVb2RevoluteJoint@@AEAVb2World@@PEAVb2Body@@1MM_N@Z) en Enviroment.obj
main.obj : error LNK2005: ya se definió "class b2Body * __cdecl operations::create_VshapePolygon(class b2World &,enum b2BodyType,float,float)" (?create_VshapePolygon@operations@@YAPEAVb2Body@@AEAVb2World@@W4b2BodyType@@MM@Z) en Enviroment.obj
main.obj : error LNK2005: ya se definió "class b2Body * __cdecl operations::create_box(class b2World &,enum b2BodyType,float,float,float,float)" (?create_box@operations@@YAPEAVb2Body@@AEAVb2World@@W4b2BodyType@@MMMM@Z) en Enviroment.obj
main.obj : error LNK2005: ya se definió "class b2Body * __cdecl operations::create_circle(class b2World &,enum b2BodyType,float,float,float)" (?create_circle@operations@@YAPEAVb2Body@@AEAVb2World@@W4b2BodyType@@MMM@Z) en Enviroment.obj
main.obj : error LNK2005: ya se definió "class b2Body * __cdecl operations::create_edge(class b2World &,enum b2BodyType,float,float,float,float)" (?create_edge@operations@@YAPEAVb2Body@@AEAVb2World@@W4b2BodyType@@MMMM@Z) en Enviroment.obj
main.obj : error LNK2005: ya se definió "class b2RevoluteJoint * __cdecl operations::create_revolute_joint(class b2World &,class b2Body *,class b2Body *,bool)" (?create_revolute_joint@operations@@YAPEAVb2RevoluteJoint@@AEAVb2World@@PEAVb2Body@@1_N@Z) en Enviroment.obj
main.obj : error LNK2005: ya se definió "bool __cdecl operations::process(class sf::Window &,struct operations::Input_Status &,class b2Body *,class b2Body *,float,float)" (?process@operations@@YA_NAEAVWindow@sf@@AEAUInput_Status@1@PEAVb2Body@@2MM@Z) en Enviroment.obj
main.obj : error LNK2005: ya se definió "void __cdecl operations::render_circle(struct b2Vec2,float,struct b2Transform const &,class sf::RenderWindow &,float,float)" (?render_circle@operations@@YAXUb2Vec2@@MAEBUb2Transform@@AEAVRenderWindow@sf@@MM@Z) en Enviroment.obj
main.obj : error LNK2005: ya se definió "void __cdecl operations::render_polygon(struct b2Vec2 const *,int,struct b2Transform const &,class sf::RenderWindow &,float,float)" (?render_polygon@operations@@YAXPEBUb2Vec2@@HAEBUb2Transform@@AEAVRenderWindow@sf@@MM@Z) en Enviroment.obj
main.obj : error LNK2005: ya se definió "void __cdecl operations::render_segment(class sf::Vector2<float> const &,class sf::Vector2<float> const &,class sf::Color const &,class sf::RenderWindow &)" (?render_segment@operations@@YAXAEBV?$Vector2@M@sf@@0AEBVColor@3@AEAVRenderWindow@3@@Z) en Enviroment.obj
main.obj : error LNK2005: ya se definió "void __cdecl operations::render_segment(struct b2Vec2,struct b2Vec2,struct b2Transform const &,class sf::RenderWindow &,float,float)" (?render_segment@operations@@YAXUb2Vec2@@0AEBUb2Transform@@AEAVRenderWindow@sf@@MM@Z) en Enviroment.obj
Scene.obj : error LNK2005: ya se definió "class b2Body * __cdecl operations::CreateRotatedBox(class b2World &,enum b2BodyType,float,float,float,float,float)" (?CreateRotatedBox@operations@@YAPEAVb2Body@@AEAVb2World@@W4b2BodyType@@MMMMM@Z) en Enviroment.obj
Scene.obj : error LNK2005: ya se definió "class b2RevoluteJoint * __cdecl operations::Create_rev_joint(class b2World &,class b2Body *,class b2Body *,float,float,bool)" (?Create_rev_joint@operations@@YAPEAVb2RevoluteJoint@@AEAVb2World@@PEAVb2Body@@1MM_N@Z) en Enviroment.obj
Scene.obj : error LNK2005: ya se definió "class b2Body * __cdecl operations::create_VshapePolygon(class b2World &,enum b2BodyType,float,float)" (?create_VshapePolygon@operations@@YAPEAVb2Body@@AEAVb2World@@W4b2BodyType@@MM@Z) en Enviroment.obj
Scene.obj : error LNK2005: ya se definió "class b2Body * __cdecl operations::create_box(class b2World &,enum b2BodyType,float,float,float,float)" (?create_box@operations@@YAPEAVb2Body@@AEAVb2World@@W4b2BodyType@@MMMM@Z) en Enviroment.obj
Scene.obj : error LNK2005: ya se definió "class b2Body * __cdecl operations::create_circle(class b2World &,enum b2BodyType,float,float,float)" (?create_circle@operations@@YAPEAVb2Body@@AEAVb2World@@W4b2BodyType@@MMM@Z) en Enviroment.obj
Scene.obj : error LNK2005: ya se definió "class b2Body * __cdecl operations::create_edge(class b2World &,enum b2BodyType,float,float,float,float)" (?create_edge@operations@@YAPEAVb2Body@@AEAVb2World@@W4b2BodyType@@MMMM@Z) en Enviroment.obj
Scene.obj : error LNK2005: ya se definió "class b2RevoluteJoint * __cdecl operations::create_revolute_joint(class b2World &,class b2Body *,class b2Body *,bool)" (?create_revolute_joint@operations@@YAPEAVb2RevoluteJoint@@AEAVb2World@@PEAVb2Body@@1_N@Z) en Enviroment.obj
Scene.obj : error LNK2005: ya se definió "bool __cdecl operations::process(class sf::Window &,struct operations::Input_Status &,class b2Body *,class b2Body *,float,float)" (?process@operations@@YA_NAEAVWindow@sf@@AEAUInput_Status@1@PEAVb2Body@@2MM@Z) en Enviroment.obj
Scene.obj : error LNK2005: ya se definió "void __cdecl operations::render_circle(struct b2Vec2,float,struct b2Transform const &,class sf::RenderWindow &,float,float)" (?render_circle@operations@@YAXUb2Vec2@@MAEBUb2Transform@@AEAVRenderWindow@sf@@MM@Z) en Enviroment.obj
Scene.obj : error LNK2005: ya se definió "void __cdecl operations::render_polygon(struct b2Vec2 const *,int,struct b2Transform const &,class sf::RenderWindow &,float,float)" (?render_polygon@operations@@YAXPEBUb2Vec2@@HAEBUb2Transform@@AEAVRenderWindow@sf@@MM@Z) en Enviroment.obj
Scene.obj : error LNK2005: ya se definió "void __cdecl operations::render_segment(class sf::Vector2<float> const &,class sf::Vector2<float> const &,class sf::Color const &,class sf::RenderWindow &)" (?render_segment@operations@@YAXAEBV?$Vector2@M@sf@@0AEBVColor@3@AEAVRenderWindow@3@@Z) en Enviroment.obj
Scene.obj : error LNK2005: ya se definió "void __cdecl operations::render_segment(struct b2Vec2,struct b2Vec2,struct b2Transform const &,class sf::RenderWindow &,float,float)" (?render_segment@operations@@YAXUb2Vec2@@0AEBUb2Transform@@AEAVRenderWindow@sf@@MM@Z) en Enviroment.obj
Vehicle.obj : error LNK2005: ya se definió "class b2Body * __cdecl operations::CreateRotatedBox(class b2World &,enum b2BodyType,float,float,float,float,float)" (?CreateRotatedBox@operations@@YAPEAVb2Body@@AEAVb2World@@W4b2BodyType@@MMMMM@Z) en Enviroment.obj
Vehicle.obj : error LNK2005: ya se definió "class b2RevoluteJoint * __cdecl operations::Create_rev_joint(class b2World &,class b2Body *,class b2Body *,float,float,bool)" (?Create_rev_joint@operations@@YAPEAVb2RevoluteJoint@@AEAVb2World@@PEAVb2Body@@1MM_N@Z) en Enviroment.obj
Vehicle.obj : error LNK2005: ya se definió "class b2Body * __cdecl operations::create_VshapePolygon(class b2World &,enum b2BodyType,float,float)" (?create_VshapePolygon@operations@@YAPEAVb2Body@@AEAVb2World@@W4b2BodyType@@MM@Z) en Enviroment.obj
Vehicle.obj : error LNK2005: ya se definió "class b2Body * __cdecl operations::create_box(class b2World &,enum b2BodyType,float,float,float,float)" (?create_box@operations@@YAPEAVb2Body@@AEAVb2World@@W4b2BodyType@@MMMM@Z) en Enviroment.obj
Vehicle.obj : error LNK2005: ya se definió "class b2Body * __cdecl operations::create_circle(class b2World &,enum b2BodyType,float,float,float)" (?create_circle@operations@@YAPEAVb2Body@@AEAVb2World@@W4b2BodyType@@MMM@Z) en Enviroment.obj
Vehicle.obj : error LNK2005: ya se definió "class b2Body * __cdecl operations::create_edge(class b2World &,enum b2BodyType,float,float,float,float)" (?create_edge@operations@@YAPEAVb2Body@@AEAVb2World@@W4b2BodyType@@MMMM@Z) en Enviroment.obj
Vehicle.obj : error LNK2005: ya se definió "class b2RevoluteJoint * __cdecl operations::create_revolute_joint(class b2World &,class b2Body *,class b2Body *,bool)" (?create_revolute_joint@operations@@YAPEAVb2RevoluteJoint@@AEAVb2World@@PEAVb2Body@@1_N@Z) en Enviroment.obj
Vehicle.obj : error LNK2005: ya se definió "bool __cdecl operations::process(class sf::Window &,struct operations::Input_Status &,class b2Body *,class b2Body *,float,float)" (?process@operations@@YA_NAEAVWindow@sf@@AEAUInput_Status@1@PEAVb2Body@@2MM@Z) en Enviroment.obj
Vehicle.obj : error LNK2005: ya se definió "void __cdecl operations::render_circle(struct b2Vec2,float,struct b2Transform const &,class sf::RenderWindow &,float,float)" (?render_circle@operations@@YAXUb2Vec2@@MAEBUb2Transform@@AEAVRenderWindow@sf@@MM@Z) en Enviroment.obj
Vehicle.obj : error LNK2005: ya se definió "void __cdecl operations::render_polygon(struct b2Vec2 const *,int,struct b2Transform const &,class sf::RenderWindow &,float,float)" (?render_polygon@operations@@YAXPEBUb2Vec2@@HAEBUb2Transform@@AEAVRenderWindow@sf@@MM@Z) en Enviroment.obj
Vehicle.obj : error LNK2005: ya se definió "void __cdecl operations::render_segment(class sf::Vector2<float> const &,class sf::Vector2<float> const &,class sf::Color const &,class sf::RenderWindow &)" (?render_segment@operations@@YAXAEBV?$Vector2@M@sf@@0AEBVColor@3@AEAVRenderWindow@3@@Z) en Enviroment.obj
Vehicle.obj : error LNK2005: ya se definió "void __cdecl operations::render_segment(struct b2Vec2,struct b2Vec2,struct b2Transform const &,class sf::RenderWindow &,float,float)" (?render_segment@operations@@YAXUb2Vec2@@0AEBUb2Transform@@AEAVRenderWindow@sf@@MM@Z) en Enviroment.obj
Enviroment.obj : error LNK2019: símbolo externo "public: void __cdecl operations::Enviroment::CreateMargins(class b2World &)" (?CreateMargins@Enviroment@operations@@QEAAXAEAVb2World@@@Z) sin resolver al que se hace referencia en la función "public: __cdecl operations::Enviroment::Enviroment(class b2World &)" (??0Enviroment@operations@@QEAA@AEAVb2World@@@Z)
Enviroment.obj : error LNK2019: símbolo externo "public: void __cdecl operations::Enviroment::CreateStaticBox(class b2World &,float,float,float,float,int)" (?CreateStaticBox@Enviroment@operations@@QEAAXAEAVb2World@@MMMMH@Z) sin resolver al que se hace referencia en la función "public: __cdecl operations::Enviroment::Enviroment(class b2World &)" (??0Enviroment@operations@@QEAA@AEAVb2World@@@Z)
Enviroment.obj : error LNK2019: símbolo externo "public: void __cdecl operations::Enviroment::CreateCurve(class b2World &)" (?CreateCurve@Enviroment@operations@@QEAAXAEAVb2World@@@Z) sin resolver al que se hace referencia en la función "public: __cdecl operations::Enviroment::Enviroment(class b2World &)" (??0Enviroment@operations@@QEAA@AEAVb2World@@@Z)
Enviroment.obj : error LNK2019: símbolo externo "public: void __cdecl operations::Enviroment::CreateBalleReciever(class b2World &,enum b2BodyType,float,float,float)" (?CreateBalleReciever@Enviroment@operations@@QEAAXAEAVb2World@@W4b2BodyType@@MMM@Z) sin resolver al que se hace referencia en la función "public: __cdecl operations::Enviroment::Enviroment(class b2World &)" (??0Enviroment@operations@@QEAA@AEAVb2World@@@Z)
D:\UNI\4_Curso\Anim3D\Práctica 1 Coche\P1_Car2D\CarProject\box2dBase\projects\vs-2019\x64\Debug\Box2D.exe : fatal error LNK1120: 4 externos sin resolver
